<?xml version="1.0" encoding="UTF-8"?>
<!-- Generated by org.testng.reporters.JUnitReportReporter -->
<testsuite skipped="0" hostname="ATMECSINLT-156" name="com.atmecs.testscript.HeatClinic" tests="5" failures="0" timestamp="2019-11-15T16:12:09 IST" time="25.674" errors="0">
  <testcase name="verifyUserOnRespectivePage" time="17.280" classname="com.atmecs.testscript.HeatClinic"/>
  <testcase name="verifyViewingMensText" time="1.809" classname="com.atmecs.testscript.HeatClinic"/>
  <testcase name="buyHabaneroShirt" time="4.508" classname="com.atmecs.testscript.HeatClinic"/>
  <testcase name="validateCartItem" time="1.480" classname="com.atmecs.testscript.HeatClinic"/>
  <testcase name="verifyTotalPriceUpdate" time="0.597" classname="com.atmecs.testscript.HeatClinic"/>
</testsuite> <!-- com.atmecs.testscript.HeatClinic -->
