<?xml version="1.0" encoding="UTF-8"?>
<!-- Generated by org.testng.reporters.JUnitReportReporter -->
<testsuite skipped="0" hostname="ATMECSINLT-156" name="com.atmecs.testscript.HeatClinic" tests="5" failures="0" timestamp="2019-11-18T14:49:12 IST" time="30.598" errors="0">
  <testcase name="verifyUserOnRespectivePage" time="19.893" classname="com.atmecs.testscript.HeatClinic"/>
  <testcase name="verifyViewingMensText" time="2.212" classname="com.atmecs.testscript.HeatClinic"/>
  <testcase name="buyHabaneroShirt" time="5.067" classname="com.atmecs.testscript.HeatClinic"/>
  <testcase name="validateCartItem" time="1.460" classname="com.atmecs.testscript.HeatClinic"/>
  <testcase name="verifyTotalPriceUpdate" time="1.966" classname="com.atmecs.testscript.HeatClinic"/>
</testsuite> <!-- com.atmecs.testscript.HeatClinic -->
